0 info it worked if it ends with ok
1 verbose cli [ '/usr/local/Cellar/node/5.7.1/bin/node',
1 verbose cli   '/usr/local/bin/npm',
1 verbose cli   'run',
1 verbose cli   'protractor' ]
2 info using npm@3.6.0
3 info using node@v5.7.1
4 verbose run-script [ 'preprotractor', 'protractor', 'postprotractor' ]
5 info lifecycle local-knowledge@1.0.0~preprotractor: local-knowledge@1.0.0
6 silly lifecycle local-knowledge@1.0.0~preprotractor: no script for preprotractor, continuing
7 info lifecycle local-knowledge@1.0.0~protractor: local-knowledge@1.0.0
8 verbose lifecycle local-knowledge@1.0.0~protractor: unsafe-perm in lifecycle true
9 verbose lifecycle local-knowledge@1.0.0~protractor: PATH: /usr/local/lib/node_modules/npm/bin/node-gyp-bin:/Users/arnold/Projects/local-knowledge/node_modules/.bin:/Users/arnold/.rvm/gems/ruby-2.2.3/bin:/Users/arnold/.rvm/gems/ruby-2.2.3@global/bin:/Users/arnold/.rvm/rubies/ruby-2.2.3/bin:/usr/local/bin:/usr/bin:/bin:/usr/sbin:/sbin:/Users/arnold/.rvm/bin
10 verbose lifecycle local-knowledge@1.0.0~protractor: CWD: /Users/arnold/Projects/local-knowledge
11 silly lifecycle local-knowledge@1.0.0~protractor: Args: [ '-c', 'protractor spec/javascripts/protractor.conf.js' ]
12 silly lifecycle local-knowledge@1.0.0~protractor: Returned: code: 1  signal: null
13 info lifecycle local-knowledge@1.0.0~protractor: Failed to exec protractor script
14 verbose stack Error: local-knowledge@1.0.0 protractor: `protractor spec/javascripts/protractor.conf.js`
14 verbose stack Exit status 1
14 verbose stack     at EventEmitter.<anonymous> (/usr/local/lib/node_modules/npm/lib/utils/lifecycle.js:232:16)
14 verbose stack     at emitTwo (events.js:100:13)
14 verbose stack     at EventEmitter.emit (events.js:185:7)
14 verbose stack     at ChildProcess.<anonymous> (/usr/local/lib/node_modules/npm/lib/utils/spawn.js:24:14)
14 verbose stack     at emitTwo (events.js:100:13)
14 verbose stack     at ChildProcess.emit (events.js:185:7)
14 verbose stack     at maybeClose (internal/child_process.js:827:16)
14 verbose stack     at Process.ChildProcess._handle.onexit (internal/child_process.js:211:5)
15 verbose pkgid local-knowledge@1.0.0
16 verbose cwd /Users/arnold/Projects/local-knowledge
17 error Darwin 15.2.0
18 error argv "/usr/local/Cellar/node/5.7.1/bin/node" "/usr/local/bin/npm" "run" "protractor"
19 error node v5.7.1
20 error npm  v3.6.0
21 error code ELIFECYCLE
22 error local-knowledge@1.0.0 protractor: `protractor spec/javascripts/protractor.conf.js`
22 error Exit status 1
23 error Failed at the local-knowledge@1.0.0 protractor script 'protractor spec/javascripts/protractor.conf.js'.
23 error Make sure you have the latest version of node.js and npm installed.
23 error If you do, this is most likely a problem with the local-knowledge package,
23 error not with npm itself.
23 error Tell the author that this fails on your system:
23 error     protractor spec/javascripts/protractor.conf.js
23 error You can get information on how to open an issue for this project with:
23 error     npm bugs local-knowledge
23 error Or if that isn't available, you can get their info via:
23 error     npm owner ls local-knowledge
23 error There is likely additional logging output above.
24 verbose exit [ 1, true ]
